<?xml version="1.0" encoding="UTF-8"?>
<testng-results ignored="0" total="2" passed="2" failed="0" skipped="0">
  <reporter-output>
  </reporter-output>
  <suite started-at="2024-03-19T22:55:02 IST" name="Default suite" finished-at="2024-03-19T22:55:12 IST" duration-ms="9991">
    <groups>
    </groups>
    <test started-at="2024-03-19T22:55:02 IST" name="Default test" finished-at="2024-03-19T22:55:12 IST" duration-ms="9991">
      <class name="normalflowusingtestng.BankingAppthroughTestNg">
        <test-method is-config="true" signature="setup()[pri:0, instance:normalflowusingtestng.BankingAppthroughTestNg@1e6a3214]" started-at="2024-03-19T22:55:02 IST" name="setup" finished-at="2024-03-19T22:55:10 IST" duration-ms="7688" status="PASS">
          <reporter-output>
          </reporter-output>
        </test-method> <!-- setup -->
        <test-method signature="BankManagerLogin()[pri:0, instance:normalflowusingtestng.BankingAppthroughTestNg@1e6a3214]" started-at="2024-03-19T22:55:10 IST" name="BankManagerLogin" finished-at="2024-03-19T22:55:10 IST" duration-ms="348" status="PASS">
          <reporter-output>
          </reporter-output>
        </test-method> <!-- BankManagerLogin -->
        <test-method signature="AddCustomer()[pri:1, instance:normalflowusingtestng.BankingAppthroughTestNg@1e6a3214]" started-at="2024-03-19T22:55:10 IST" name="AddCustomer" finished-at="2024-03-19T22:55:12 IST" duration-ms="1843" status="PASS">
          <reporter-output>
          </reporter-output>
        </test-method> <!-- AddCustomer -->
      </class> <!-- normalflowusingtestng.BankingAppthroughTestNg -->
    </test> <!-- Default test -->
  </suite> <!-- Default suite -->
</testng-results>
